1011==testdriverlist.aspx
==testdriverdetail.aspx
==testdriverdetail.aspx
==testdriverdetail.aspx
==testdriverdetail.aspx
==testdriverdetail.aspx
==testdriverdetail.aspx
==testdriverdetail.aspx
==testdriverdetail.aspx
==testdriverdetail.aspx
==testdriverdetail.aspx
==testdriverdetail.aspx
==testdriverdetail.aspx
==testdriverdetail.aspx
==testdriverdetail.aspx
1004==votelist.aspx
1004==votelist.aspx
1004==votelist.aspx
1004==votelist.aspx
==voteunit.aspx
==voteunitdetail.aspx
==voteunit.aspx
==makeitem.aspx
==makeitemdetail.aspx
==makeitem.aspx
==makeitemdetail.aspx
==makeitem.aspx
==makeitemdetail.aspx
==makeitem.aspx
==voteunit.aspx
==voteunitdetail.aspx
==voteunit.aspx
==voteunitdetail.aspx
==voteunit.aspx
==voteunitdetail.aspx
==voteunit.aspx
==voteunitdetail.aspx
==voteunit.aspx
==makeitem.aspx
==makeitemdetail.aspx
==voteunit.aspx
==makeitem.aspx
==makeitemdetail.aspx
==makeitem.aspx
==makeitemdetail.aspx
==makeitem.aspx
==makeitemdetail.aspx
==makeitem.aspx
==voteunit.aspx
==makeitem.aspx
==makeitemdetail.aspx
==makeitem.aspx
==makeitemdetail.aspx
==makeitem.aspx
==makeitemdetail.aspx
==makeitem.aspx
==voteunit.aspx
1004==makevote.aspx
==makevotedetail.aspx
1004==makevote.aspx
==makevotedetail.aspx
1004==makevote.aspx
==voteunit.aspx
1004==makevote.aspx
==biceitem.aspx
==biceitemdetail.aspx
==biceitem.aspx
==biceitemdetail.aspx
==biceitem.aspx
==biceitem.aspx
==biceitemdetail.aspx
==biceitem.aspx
==biceitemdetail.aspx
==biceitem.aspx
==biceitemdetail.aspx
==biceitem.aspx
==biceitemdetail.aspx
==biceitem.aspx
==biceitemdetail.aspx
1004==makevote.aspx
1004==makevote.aspx
==biceitem.aspx
1004==votelist.aspx
==biceoption.aspx
1004==votelist.aspx
==biceoption.aspx
1004==votelist.aspx
